==============================================================================
PilotProject Cyclos Team1-1                                                   
==============================================================================
PilotProject Cyclos Team1-1.TestCases                                         
==============================================================================
PilotProject Cyclos Team1-1.TestCases.test invalidLogin :: Test to Login Page 
==============================================================================
inValid Login Test                                                    | PASS |
------------------------------------------------------------------------------
inValid Login Test                                                    | PASS |
------------------------------------------------------------------------------
PilotProject Cyclos Team1-1.TestCases.test invalidLogin :: Test to... | PASS |
2 tests, 2 passed, 0 failed
==============================================================================
PilotProject Cyclos Team1-1.TestCases                                 | PASS |
2 tests, 2 passed, 0 failed
==============================================================================
PilotProject Cyclos Team1-1                                           | PASS |
2 tests, 2 passed, 0 failed
==============================================================================
Output:  E:\PilotProject_Cyclos_Team1-1\pabot_results\14\output.xml
