==============================================================================
PilotProject Cyclos Team1-1                                                   
==============================================================================
PilotProject Cyclos Team1-1.TestCases                                         
==============================================================================
PilotProject Cyclos Team1-1.TestCases.Test Myadvertisement :: Test to Login...
==============================================================================
add new advertisement                                                 | PASS |
------------------------------------------------------------------------------
search advertisement                                                  | PASS |
------------------------------------------------------------------------------
PilotProject Cyclos Team1-1.TestCases.Test Myadvertisement :: Test... | PASS |
2 tests, 2 passed, 0 failed
==============================================================================
PilotProject Cyclos Team1-1.TestCases                                 | PASS |
2 tests, 2 passed, 0 failed
==============================================================================
PilotProject Cyclos Team1-1                                           | PASS |
2 tests, 2 passed, 0 failed
==============================================================================
Output:  E:\PilotProject_Cyclos_Team1-1\pabot_results\1\output.xml
