==============================================================================
PilotProject Cyclos Team1-1                                                   
==============================================================================
PilotProject Cyclos Team1-1.TestCases                                         
==============================================================================
PilotProject Cyclos Team1-1.TestCases.test receiveQRcode :: This checks the...
==============================================================================
Validate the Receive QR code functionality with valid data :: To v...   
  Traceback (most recent call last):
    ~~~~~~~~~~~~~~~~~~~~~~~~~~~~~~~~~~~~~~~~~~~~~~~~~~~~~~~~~~~~~~~~~~~~~~~~~~
    File  E:\PilotProject_Cyclos_Team1-1\TestCases\test_receiveQRcode.robot:18
    T:  Validate the Receive QR code functionality with valid data    
    ~~~~~~~~~~~~~~~~~~~~~~~~~~~~~~~~~~~~~~~~~~~~~~~~~~~~~~~~~~~~~~~~~~~~~~~~~~
    File  E:\PilotProject_Cyclos_Team1-1\TestCases\test_receiveQRcode.robot:21
      click the login button    
    ~~~~~~~~~~~~~~~~~~~~~~~~~~~~~~~~~~~~~~~~~~~~~~~~~~~~~~~~~~~~~~~~~~~~~~~~~~
    File  E:\PilotProject_Cyclos_Team1-1\Resources\LoginResource.robot:22
      Click Button    ${submit_btn}
      |  ${submit_btn} = xpath://button[@class="btn d-flex justify-content-center align-items-center w-100 h-100 btn-primary btn-action-primary"] (str)
______________________________________________________________________________
| FAIL |
Button with locator 'xpath://button[@class="btn d-flex justify-content-center align-items-center w-100 h-100 btn-primary btn-action-primary"]' not found.
------------------------------------------------------------------------------
Validate the Receive QR code functionality with empty data :: To v...   
  Traceback (most recent call last):
    ~~~~~~~~~~~~~~~~~~~~~~~~~~~~~~~~~~~~~~~~~~~~~~~~~~~~~~~~~~~~~~~~~~~~~~~~~~
    File  E:\PilotProject_Cyclos_Team1-1\TestCases\test_receiveQRcode.robot:30
    T:  Validate the Receive QR code functionality with empty data    
    ~~~~~~~~~~~~~~~~~~~~~~~~~~~~~~~~~~~~~~~~~~~~~~~~~~~~~~~~~~~~~~~~~~~~~~~~~~
    File  E:\PilotProject_Cyclos_Team1-1\TestCases\test_receiveQRcode.robot:33
      click the login button    
    ~~~~~~~~~~~~~~~~~~~~~~~~~~~~~~~~~~~~~~~~~~~~~~~~~~~~~~~~~~~~~~~~~~~~~~~~~~
    File  E:\PilotProject_Cyclos_Team1-1\Resources\LoginResource.robot:22
      Click Button    ${submit_btn}
      |  ${submit_btn} = xpath://button[@class="btn d-flex justify-content-center align-items-center w-100 h-100 btn-primary btn-action-primary"] (str)
______________________________________________________________________________
| FAIL |
Button with locator 'xpath://button[@class="btn d-flex justify-content-center align-items-center w-100 h-100 btn-primary btn-action-primary"]' not found.
------------------------------------------------------------------------------
Validate the Receive QR code functionality with empty amount data ...   
  Traceback (most recent call last):
    ~~~~~~~~~~~~~~~~~~~~~~~~~~~~~~~~~~~~~~~~~~~~~~~~~~~~~~~~~~~~~~~~~~~~~~~~~~
    File  E:\PilotProject_Cyclos_Team1-1\TestCases\test_receiveQRcode.robot:42
    T:  Validate the Receive QR code functionality with empty amount data    
    ~~~~~~~~~~~~~~~~~~~~~~~~~~~~~~~~~~~~~~~~~~~~~~~~~~~~~~~~~~~~~~~~~~~~~~~~~~
    File  E:\PilotProject_Cyclos_Team1-1\TestCases\test_receiveQRcode.robot:45
      click the login button    
    ~~~~~~~~~~~~~~~~~~~~~~~~~~~~~~~~~~~~~~~~~~~~~~~~~~~~~~~~~~~~~~~~~~~~~~~~~~
    File  E:\PilotProject_Cyclos_Team1-1\Resources\LoginResource.robot:22
      Click Button    ${submit_btn}
      |  ${submit_btn} = xpath://button[@class="btn d-flex justify-content-center align-items-center w-100 h-100 btn-primary btn-action-primary"] (str)
______________________________________________________________________________
| FAIL |
Button with locator 'xpath://button[@class="btn d-flex justify-content-center align-items-center w-100 h-100 btn-primary btn-action-primary"]' not found.
------------------------------------------------------------------------------
Validate the Receive QR code functionality with blank description ...   
  Traceback (most recent call last):
    ~~~~~~~~~~~~~~~~~~~~~~~~~~~~~~~~~~~~~~~~~~~~~~~~~~~~~~~~~~~~~~~~~~~~~~~~~~
    File  E:\PilotProject_Cyclos_Team1-1\TestCases\test_receiveQRcode.robot:54
    T:  Validate the Receive QR code functionality with blank description    
    ~~~~~~~~~~~~~~~~~~~~~~~~~~~~~~~~~~~~~~~~~~~~~~~~~~~~~~~~~~~~~~~~~~~~~~~~~~
    File  E:\PilotProject_Cyclos_Team1-1\TestCases\test_receiveQRcode.robot:57
      click the login button    
    ~~~~~~~~~~~~~~~~~~~~~~~~~~~~~~~~~~~~~~~~~~~~~~~~~~~~~~~~~~~~~~~~~~~~~~~~~~
    File  E:\PilotProject_Cyclos_Team1-1\Resources\LoginResource.robot:22
      Click Button    ${submit_btn}
      |  ${submit_btn} = xpath://button[@class="btn d-flex justify-content-center align-items-center w-100 h-100 btn-primary btn-action-primary"] (str)
______________________________________________________________________________
| FAIL |
Button with locator 'xpath://button[@class="btn d-flex justify-content-center align-items-center w-100 h-100 btn-primary btn-action-primary"]' not found.
------------------------------------------------------------------------------
PilotProject Cyclos Team1-1.TestCases.test receiveQRcode :: This c... | FAIL |
4 tests, 0 passed, 4 failed
==============================================================================
PilotProject Cyclos Team1-1.TestCases                                 | FAIL |
4 tests, 0 passed, 4 failed
==============================================================================
PilotProject Cyclos Team1-1                                           | FAIL |
4 tests, 0 passed, 4 failed
==============================================================================
Output:  E:\PilotProject_Cyclos_Team1-1\pabot_results\19\output.xml
