==============================================================================
PilotProject Cyclos Team1-1                                                   
==============================================================================
PilotProject Cyclos Team1-1.TestCases                                         
==============================================================================
PilotProject Cyclos Team1-1.TestCases.test validLogin :: Test to Login Page   
==============================================================================
Valid Login Test case                                                 | PASS |
------------------------------------------------------------------------------
Valid Login Test case                                                 | PASS |
------------------------------------------------------------------------------
PilotProject Cyclos Team1-1.TestCases.test validLogin :: Test to L... | PASS |
2 tests, 2 passed, 0 failed
==============================================================================
PilotProject Cyclos Team1-1.TestCases                                 | PASS |
2 tests, 2 passed, 0 failed
==============================================================================
PilotProject Cyclos Team1-1                                           | PASS |
2 tests, 2 passed, 0 failed
==============================================================================
Output:  E:\PilotProject_Cyclos_Team1-1\pabot_results\20\output.xml
